{"D:\\Mobile_Wizard\\React Native Test\\React_Native_Developer_Test\\src\\config\\redux\\postSlice.ts": {"path":"D:\\Mobile_Wizard\\React Native Test\\React_Native_Developer_Test\\src\\config\\redux\\postSlice.ts","statementMap":{"0":{"start":{"line":1,"column":0},"end":{"line":1,"column":80}},"1":{"start":{"line":3,"column":0},"end":{"line":3,"column":50}},"2":{"start":{"line":15,"column":33},"end":{"line":23,"column":2}},"3":{"start":{"line":25,"column":13},"end":{"line":40,"column":2}},"4":{"start":{"line":32,"column":17},"end":{"line":32,"column":34}},"5":{"start":{"line":33,"column":4},"end":{"line":38,"column":5}},"6":{"start":{"line":34,"column":20},"end":{"line":34,"column":65}},"7":{"start":{"line":35,"column":6},"end":{"line":35,"column":29}},"8":{"start":{"line":37,"column":6},"end":{"line":37,"column":69}},"9":{"start":{"line":42,"column":19},"end":{"line":90,"column":2}},"10":{"start":{"line":47,"column":6},"end":{"line":47,"column":23}},"11":{"start":{"line":48,"column":6},"end":{"line":48,"column":21}},"12":{"start":{"line":49,"column":6},"end":{"line":49,"column":28}},"13":{"start":{"line":50,"column":6},"end":{"line":50,"column":31}},"14":{"start":{"line":51,"column":6},"end":{"line":51,"column":25}},"15":{"start":{"line":52,"column":6},"end":{"line":52,"column":27}},"16":{"start":{"line":56,"column":4},"end":{"line":88,"column":9}},"17":{"start":{"line":59,"column":30},"end":{"line":59,"column":85}},"18":{"start":{"line":60,"column":8},"end":{"line":65,"column":9}},"19":{"start":{"line":61,"column":10},"end":{"line":61,"column":34}},"20":{"start":{"line":62,"column":10},"end":{"line":62,"column":29}},"21":{"start":{"line":64,"column":10},"end":{"line":64,"column":31}},"22":{"start":{"line":68,"column":32},"end":{"line":68,"column":46}},"23":{"start":{"line":70,"column":8},"end":{"line":76,"column":9}},"24":{"start":{"line":71,"column":10},"end":{"line":71,"column":30}},"25":{"start":{"line":72,"column":10},"end":{"line":72,"column":25}},"26":{"start":{"line":74,"column":10},"end":{"line":74,"column":50}},"27":{"start":{"line":75,"column":10},"end":{"line":75,"column":32}},"28":{"start":{"line":79,"column":8},"end":{"line":79,"column":53}},"29":{"start":{"line":80,"column":8},"end":{"line":80,"column":30}},"30":{"start":{"line":81,"column":8},"end":{"line":81,"column":33}},"31":{"start":{"line":82,"column":8},"end":{"line":82,"column":27}},"32":{"start":{"line":85,"column":8},"end":{"line":85,"column":30}},"33":{"start":{"line":86,"column":8},"end":{"line":86,"column":33}},"34":{"start":{"line":87,"column":8},"end":{"line":87,"column":63}},"35":{"start":{"line":92,"column":15},"end":{"line":92,"column":47}},"36":{"start":{"line":93,"column":0},"end":{"line":93,"column":34}}},"fnMap":{"0":{"name":"(anonymous_0)","decl":{"start":{"line":31,"column":2},"end":{"line":31,"column":7}},"loc":{"start":{"line":31,"column":55},"end":{"line":39,"column":3}}},"1":{"name":"(anonymous_1)","decl":{"start":{"line":46,"column":14},"end":{"line":46,"column":15}},"loc":{"start":{"line":46,"column":24},"end":{"line":53,"column":5}}},"2":{"name":"(anonymous_2)","decl":{"start":{"line":55,"column":17},"end":{"line":55,"column":18}},"loc":{"start":{"line":55,"column":29},"end":{"line":89,"column":3}}},"3":{"name":"(anonymous_3)","decl":{"start":{"line":57,"column":35},"end":{"line":57,"column":36}},"loc":{"start":{"line":57,"column":53},"end":{"line":66,"column":7}}},"4":{"name":"(anonymous_4)","decl":{"start":{"line":67,"column":37},"end":{"line":67,"column":38}},"loc":{"start":{"line":67,"column":103},"end":{"line":83,"column":7}}},"5":{"name":"(anonymous_5)","decl":{"start":{"line":84,"column":36},"end":{"line":84,"column":37}},"loc":{"start":{"line":84,"column":54},"end":{"line":88,"column":7}}}},"branchMap":{"0":{"loc":{"start":{"line":31,"column":9},"end":{"line":31,"column":30}},"type":"default-arg","locations":[{"start":{"line":31,"column":19},"end":{"line":31,"column":30}}]},"1":{"loc":{"start":{"line":32,"column":17},"end":{"line":32,"column":34}},"type":"binary-expr","locations":[{"start":{"line":32,"column":17},"end":{"line":32,"column":29}},{"start":{"line":32,"column":33},"end":{"line":32,"column":34}}]},"2":{"loc":{"start":{"line":37,"column":29},"end":{"line":37,"column":67}},"type":"binary-expr","locations":[{"start":{"line":37,"column":29},"end":{"line":37,"column":40}},{"start":{"line":37,"column":44},"end":{"line":37,"column":67}}]},"3":{"loc":{"start":{"line":59,"column":30},"end":{"line":59,"column":85}},"type":"binary-expr","locations":[{"start":{"line":59,"column":31},"end":{"line":59,"column":46}},{"start":{"line":59,"column":51},"end":{"line":59,"column":79}},{"start":{"line":59,"column":84},"end":{"line":59,"column":85}}]},"4":{"loc":{"start":{"line":60,"column":8},"end":{"line":65,"column":9}},"type":"if","locations":[{"start":{"line":60,"column":8},"end":{"line":65,"column":9}},{"start":{"line":63,"column":15},"end":{"line":65,"column":9}}]},"5":{"loc":{"start":{"line":70,"column":8},"end":{"line":76,"column":9}},"type":"if","locations":[{"start":{"line":70,"column":8},"end":{"line":76,"column":9}},{"start":{"line":73,"column":15},"end":{"line":76,"column":9}}]},"6":{"loc":{"start":{"line":87,"column":22},"end":{"line":87,"column":62}},"type":"binary-expr","locations":[{"start":{"line":87,"column":22},"end":{"line":87,"column":36}},{"start":{"line":87,"column":40},"end":{"line":87,"column":62}}]}},"s":{"0":1,"1":1,"2":1,"3":1,"4":0,"5":0,"6":0,"7":0,"8":0,"9":1,"10":1,"11":1,"12":1,"13":1,"14":1,"15":1,"16":1,"17":3,"18":3,"19":2,"20":2,"21":1,"22":6,"23":6,"24":4,"25":4,"26":2,"27":2,"28":6,"29":6,"30":6,"31":6,"32":2,"33":2,"34":2,"35":1,"36":1},"f":{"0":0,"1":1,"2":1,"3":3,"4":6,"5":2},"b":{"0":[0],"1":[0,0],"2":[0,0],"3":[3,2,1],"4":[2,1],"5":[4,2],"6":[2,1]}}
}
