TN:
SF:src\api\postApi.ts
FN:6,(anonymous_1)
FNF:1
FNH:1
FNDA:4,(anonymous_1)
DA:1,1
DA:4,1
DA:6,1
DA:7,4
DA:11,4
LF:5
LH:5
BRDA:6,0,0,0
BRDA:6,1,0,0
BRF:2
BRH:0
end_of_record
TN:
SF:src\config\redux\postSlice.ts
FN:31,(anonymous_0)
FN:46,(anonymous_1)
FN:55,(anonymous_2)
FN:57,(anonymous_3)
FN:67,(anonymous_4)
FN:84,(anonymous_5)
FNF:6
FNH:4
FNDA:4,(anonymous_0)
FNDA:0,(anonymous_1)
FNDA:1,(anonymous_2)
FNDA:4,(anonymous_3)
FNDA:4,(anonymous_4)
FNDA:0,(anonymous_5)
DA:1,1
DA:3,1
DA:15,1
DA:25,1
DA:32,4
DA:33,4
DA:34,4
DA:35,4
DA:37,0
DA:42,1
DA:47,0
DA:48,0
DA:49,0
DA:50,0
DA:51,0
DA:52,0
DA:56,1
DA:59,4
DA:60,4
DA:61,2
DA:62,2
DA:64,2
DA:68,4
DA:70,4
DA:71,2
DA:72,2
DA:74,2
DA:75,2
DA:79,4
DA:80,4
DA:81,4
DA:82,4
DA:85,0
DA:86,0
DA:87,0
DA:92,1
DA:93,1
LF:37
LH:27
BRDA:31,0,0,0
BRDA:32,1,0,4
BRDA:32,1,1,0
BRDA:37,2,0,0
BRDA:37,2,1,0
BRDA:59,3,0,4
BRDA:59,3,1,4
BRDA:59,3,2,0
BRDA:60,4,0,2
BRDA:60,4,1,2
BRDA:70,5,0,2
BRDA:70,5,1,2
BRDA:87,6,0,0
BRDA:87,6,1,0
BRF:14
BRH:7
end_of_record
