TN:
SF:src\config\redux\postSlice.ts
FN:31,(anonymous_0)
FN:46,(anonymous_1)
FN:55,(anonymous_2)
FN:57,(anonymous_3)
FN:67,(anonymous_4)
FN:84,(anonymous_5)
FNF:6
FNH:5
FNDA:0,(anonymous_0)
FNDA:1,(anonymous_1)
FNDA:1,(anonymous_2)
FNDA:3,(anonymous_3)
FNDA:6,(anonymous_4)
FNDA:2,(anonymous_5)
DA:1,1
DA:3,1
DA:15,1
DA:25,1
DA:32,0
DA:33,0
DA:34,0
DA:35,0
DA:37,0
DA:42,1
DA:47,1
DA:48,1
DA:49,1
DA:50,1
DA:51,1
DA:52,1
DA:56,1
DA:59,3
DA:60,3
DA:61,2
DA:62,2
DA:64,1
DA:68,6
DA:70,6
DA:71,4
DA:72,4
DA:74,2
DA:75,2
DA:79,6
DA:80,6
DA:81,6
DA:82,6
DA:85,2
DA:86,2
DA:87,2
DA:92,1
DA:93,1
LF:37
LH:32
BRDA:31,0,0,0
BRDA:32,1,0,0
BRDA:32,1,1,0
BRDA:37,2,0,0
BRDA:37,2,1,0
BRDA:59,3,0,3
BRDA:59,3,1,2
BRDA:59,3,2,1
BRDA:60,4,0,2
BRDA:60,4,1,1
BRDA:70,5,0,4
BRDA:70,5,1,2
BRDA:87,6,0,2
BRDA:87,6,1,1
BRF:14
BRH:9
end_of_record
